ARM GAS  C:\Users\bulli\AppData\Local\Temp\ccGgqR7G.s 			page 1


   1              		.cpu cortex-m4
   2              		.arch armv7e-m
   3              		.fpu fpv4-sp-d16
   4              		.eabi_attribute 27, 1
   5              		.eabi_attribute 28, 1
   6              		.eabi_attribute 20, 1
   7              		.eabi_attribute 21, 1
   8              		.eabi_attribute 23, 3
   9              		.eabi_attribute 24, 1
  10              		.eabi_attribute 25, 1
  11              		.eabi_attribute 26, 1
  12              		.eabi_attribute 30, 1
  13              		.eabi_attribute 34, 1
  14              		.eabi_attribute 18, 4
  15              		.file	"stm32f4xx_hal_msp.c"
  16              		.text
  17              	.Ltext0:
  18              		.cfi_sections	.debug_frame
  19              		.file 1 "Core/Src/stm32f4xx_hal_msp.c"
  20              		.section	.text.HAL_MspInit,"ax",%progbits
  21              		.align	1
  22              		.global	HAL_MspInit
  23              		.syntax unified
  24              		.thumb
  25              		.thumb_func
  27              	HAL_MspInit:
  28              	.LFB134:
   1:Core/Src/stm32f4xx_hal_msp.c **** /* USER CODE BEGIN Header */
   2:Core/Src/stm32f4xx_hal_msp.c **** /**
   3:Core/Src/stm32f4xx_hal_msp.c ****   ******************************************************************************
   4:Core/Src/stm32f4xx_hal_msp.c ****   * @file         stm32f4xx_hal_msp.c
   5:Core/Src/stm32f4xx_hal_msp.c ****   * @brief        This file provides code for the MSP Initialization
   6:Core/Src/stm32f4xx_hal_msp.c ****   *               and de-Initialization codes.
   7:Core/Src/stm32f4xx_hal_msp.c ****   ******************************************************************************
   8:Core/Src/stm32f4xx_hal_msp.c ****   * @attention
   9:Core/Src/stm32f4xx_hal_msp.c ****   *
  10:Core/Src/stm32f4xx_hal_msp.c ****   * Copyright (c) 2026 STMicroelectronics.
  11:Core/Src/stm32f4xx_hal_msp.c ****   * All rights reserved.
  12:Core/Src/stm32f4xx_hal_msp.c ****   *
  13:Core/Src/stm32f4xx_hal_msp.c ****   * This software is licensed under terms that can be found in the LICENSE file
  14:Core/Src/stm32f4xx_hal_msp.c ****   * in the root directory of this software component.
  15:Core/Src/stm32f4xx_hal_msp.c ****   * If no LICENSE file comes with this software, it is provided AS-IS.
  16:Core/Src/stm32f4xx_hal_msp.c ****   *
  17:Core/Src/stm32f4xx_hal_msp.c ****   ******************************************************************************
  18:Core/Src/stm32f4xx_hal_msp.c ****   */
  19:Core/Src/stm32f4xx_hal_msp.c **** /* USER CODE END Header */
  20:Core/Src/stm32f4xx_hal_msp.c **** /* Includes ------------------------------------------------------------------*/
  21:Core/Src/stm32f4xx_hal_msp.c **** #include "main.h"
  22:Core/Src/stm32f4xx_hal_msp.c **** /* USER CODE BEGIN Includes */
  23:Core/Src/stm32f4xx_hal_msp.c **** 
  24:Core/Src/stm32f4xx_hal_msp.c **** /* USER CODE END Includes */
  25:Core/Src/stm32f4xx_hal_msp.c **** 
  26:Core/Src/stm32f4xx_hal_msp.c **** /* Private typedef -----------------------------------------------------------*/
  27:Core/Src/stm32f4xx_hal_msp.c **** /* USER CODE BEGIN TD */
  28:Core/Src/stm32f4xx_hal_msp.c **** 
  29:Core/Src/stm32f4xx_hal_msp.c **** /* USER CODE END TD */
  30:Core/Src/stm32f4xx_hal_msp.c **** 
ARM GAS  C:\Users\bulli\AppData\Local\Temp\ccGgqR7G.s 			page 2


  31:Core/Src/stm32f4xx_hal_msp.c **** /* Private define ------------------------------------------------------------*/
  32:Core/Src/stm32f4xx_hal_msp.c **** /* USER CODE BEGIN Define */
  33:Core/Src/stm32f4xx_hal_msp.c **** 
  34:Core/Src/stm32f4xx_hal_msp.c **** /* USER CODE END Define */
  35:Core/Src/stm32f4xx_hal_msp.c **** 
  36:Core/Src/stm32f4xx_hal_msp.c **** /* Private macro -------------------------------------------------------------*/
  37:Core/Src/stm32f4xx_hal_msp.c **** /* USER CODE BEGIN Macro */
  38:Core/Src/stm32f4xx_hal_msp.c **** 
  39:Core/Src/stm32f4xx_hal_msp.c **** /* USER CODE END Macro */
  40:Core/Src/stm32f4xx_hal_msp.c **** 
  41:Core/Src/stm32f4xx_hal_msp.c **** /* Private variables ---------------------------------------------------------*/
  42:Core/Src/stm32f4xx_hal_msp.c **** /* USER CODE BEGIN PV */
  43:Core/Src/stm32f4xx_hal_msp.c **** 
  44:Core/Src/stm32f4xx_hal_msp.c **** /* USER CODE END PV */
  45:Core/Src/stm32f4xx_hal_msp.c **** 
  46:Core/Src/stm32f4xx_hal_msp.c **** /* Private function prototypes -----------------------------------------------*/
  47:Core/Src/stm32f4xx_hal_msp.c **** /* USER CODE BEGIN PFP */
  48:Core/Src/stm32f4xx_hal_msp.c **** 
  49:Core/Src/stm32f4xx_hal_msp.c **** /* USER CODE END PFP */
  50:Core/Src/stm32f4xx_hal_msp.c **** 
  51:Core/Src/stm32f4xx_hal_msp.c **** /* External functions --------------------------------------------------------*/
  52:Core/Src/stm32f4xx_hal_msp.c **** /* USER CODE BEGIN ExternalFunctions */
  53:Core/Src/stm32f4xx_hal_msp.c **** 
  54:Core/Src/stm32f4xx_hal_msp.c **** /* USER CODE END ExternalFunctions */
  55:Core/Src/stm32f4xx_hal_msp.c **** 
  56:Core/Src/stm32f4xx_hal_msp.c **** /* USER CODE BEGIN 0 */
  57:Core/Src/stm32f4xx_hal_msp.c **** 
  58:Core/Src/stm32f4xx_hal_msp.c **** /* USER CODE END 0 */
  59:Core/Src/stm32f4xx_hal_msp.c **** 
  60:Core/Src/stm32f4xx_hal_msp.c **** void HAL_TIM_MspPostInit(TIM_HandleTypeDef *htim);
  61:Core/Src/stm32f4xx_hal_msp.c ****                     /**
  62:Core/Src/stm32f4xx_hal_msp.c ****   * Initializes the Global MSP.
  63:Core/Src/stm32f4xx_hal_msp.c ****   */
  64:Core/Src/stm32f4xx_hal_msp.c **** void HAL_MspInit(void)
  65:Core/Src/stm32f4xx_hal_msp.c **** {
  29              		.loc 1 65 1 view -0
  30              		.cfi_startproc
  31              		@ args = 0, pretend = 0, frame = 8
  32              		@ frame_needed = 0, uses_anonymous_args = 0
  33              		@ link register save eliminated.
  34 0000 82B0     		sub	sp, sp, #8
  35              		.cfi_def_cfa_offset 8
  66:Core/Src/stm32f4xx_hal_msp.c **** 
  67:Core/Src/stm32f4xx_hal_msp.c ****   /* USER CODE BEGIN MspInit 0 */
  68:Core/Src/stm32f4xx_hal_msp.c **** 
  69:Core/Src/stm32f4xx_hal_msp.c ****   /* USER CODE END MspInit 0 */
  70:Core/Src/stm32f4xx_hal_msp.c **** 
  71:Core/Src/stm32f4xx_hal_msp.c ****   __HAL_RCC_SYSCFG_CLK_ENABLE();
  36              		.loc 1 71 3 view .LVU1
  37              	.LBB2:
  38              		.loc 1 71 3 view .LVU2
  39 0002 0021     		movs	r1, #0
  40 0004 0091     		str	r1, [sp]
  41              		.loc 1 71 3 view .LVU3
  42 0006 0B4B     		ldr	r3, .L3
  43 0008 5A6C     		ldr	r2, [r3, #68]
  44 000a 42F48042 		orr	r2, r2, #16384
ARM GAS  C:\Users\bulli\AppData\Local\Temp\ccGgqR7G.s 			page 3


  45 000e 5A64     		str	r2, [r3, #68]
  46              		.loc 1 71 3 view .LVU4
  47 0010 5A6C     		ldr	r2, [r3, #68]
  48 0012 02F48042 		and	r2, r2, #16384
  49 0016 0092     		str	r2, [sp]
  50              		.loc 1 71 3 view .LVU5
  51 0018 009A     		ldr	r2, [sp]
  52              	.LBE2:
  53              		.loc 1 71 3 view .LVU6
  72:Core/Src/stm32f4xx_hal_msp.c ****   __HAL_RCC_PWR_CLK_ENABLE();
  54              		.loc 1 72 3 view .LVU7
  55              	.LBB3:
  56              		.loc 1 72 3 view .LVU8
  57 001a 0191     		str	r1, [sp, #4]
  58              		.loc 1 72 3 view .LVU9
  59 001c 1A6C     		ldr	r2, [r3, #64]
  60 001e 42F08052 		orr	r2, r2, #268435456
  61 0022 1A64     		str	r2, [r3, #64]
  62              		.loc 1 72 3 view .LVU10
  63 0024 1B6C     		ldr	r3, [r3, #64]
  64 0026 03F08053 		and	r3, r3, #268435456
  65 002a 0193     		str	r3, [sp, #4]
  66              		.loc 1 72 3 view .LVU11
  67 002c 019B     		ldr	r3, [sp, #4]
  68              	.LBE3:
  69              		.loc 1 72 3 view .LVU12
  73:Core/Src/stm32f4xx_hal_msp.c **** 
  74:Core/Src/stm32f4xx_hal_msp.c ****   /* System interrupt init*/
  75:Core/Src/stm32f4xx_hal_msp.c **** 
  76:Core/Src/stm32f4xx_hal_msp.c ****   /* USER CODE BEGIN MspInit 1 */
  77:Core/Src/stm32f4xx_hal_msp.c **** 
  78:Core/Src/stm32f4xx_hal_msp.c ****   /* USER CODE END MspInit 1 */
  79:Core/Src/stm32f4xx_hal_msp.c **** }
  70              		.loc 1 79 1 is_stmt 0 view .LVU13
  71 002e 02B0     		add	sp, sp, #8
  72              		.cfi_def_cfa_offset 0
  73              		@ sp needed
  74 0030 7047     		bx	lr
  75              	.L4:
  76 0032 00BF     		.align	2
  77              	.L3:
  78 0034 00380240 		.word	1073887232
  79              		.cfi_endproc
  80              	.LFE134:
  82              		.section	.text.HAL_TIM_Base_MspInit,"ax",%progbits
  83              		.align	1
  84              		.global	HAL_TIM_Base_MspInit
  85              		.syntax unified
  86              		.thumb
  87              		.thumb_func
  89              	HAL_TIM_Base_MspInit:
  90              	.LVL0:
  91              	.LFB135:
  80:Core/Src/stm32f4xx_hal_msp.c **** 
  81:Core/Src/stm32f4xx_hal_msp.c **** /**
  82:Core/Src/stm32f4xx_hal_msp.c ****   * @brief TIM_Base MSP Initialization
  83:Core/Src/stm32f4xx_hal_msp.c ****   * This function configures the hardware resources used in this example
ARM GAS  C:\Users\bulli\AppData\Local\Temp\ccGgqR7G.s 			page 4


  84:Core/Src/stm32f4xx_hal_msp.c ****   * @param htim_base: TIM_Base handle pointer
  85:Core/Src/stm32f4xx_hal_msp.c ****   * @retval None
  86:Core/Src/stm32f4xx_hal_msp.c ****   */
  87:Core/Src/stm32f4xx_hal_msp.c **** void HAL_TIM_Base_MspInit(TIM_HandleTypeDef* htim_base)
  88:Core/Src/stm32f4xx_hal_msp.c **** {
  92              		.loc 1 88 1 is_stmt 1 view -0
  93              		.cfi_startproc
  94              		@ args = 0, pretend = 0, frame = 8
  95              		@ frame_needed = 0, uses_anonymous_args = 0
  96              		@ link register save eliminated.
  89:Core/Src/stm32f4xx_hal_msp.c ****   if(htim_base->Instance==TIM2)
  97              		.loc 1 89 3 view .LVU15
  98              		.loc 1 89 15 is_stmt 0 view .LVU16
  99 0000 0368     		ldr	r3, [r0]
 100              		.loc 1 89 5 view .LVU17
 101 0002 B3F1804F 		cmp	r3, #1073741824
 102 0006 00D0     		beq	.L11
 103 0008 7047     		bx	lr
 104              	.L11:
  88:Core/Src/stm32f4xx_hal_msp.c ****   if(htim_base->Instance==TIM2)
 105              		.loc 1 88 1 view .LVU18
 106 000a 82B0     		sub	sp, sp, #8
 107              		.cfi_def_cfa_offset 8
  90:Core/Src/stm32f4xx_hal_msp.c ****   {
  91:Core/Src/stm32f4xx_hal_msp.c ****     /* USER CODE BEGIN TIM2_MspInit 0 */
  92:Core/Src/stm32f4xx_hal_msp.c **** 
  93:Core/Src/stm32f4xx_hal_msp.c ****     /* USER CODE END TIM2_MspInit 0 */
  94:Core/Src/stm32f4xx_hal_msp.c ****     /* Peripheral clock enable */
  95:Core/Src/stm32f4xx_hal_msp.c ****     __HAL_RCC_TIM2_CLK_ENABLE();
 108              		.loc 1 95 5 is_stmt 1 view .LVU19
 109              	.LBB4:
 110              		.loc 1 95 5 view .LVU20
 111 000c 0023     		movs	r3, #0
 112 000e 0193     		str	r3, [sp, #4]
 113              		.loc 1 95 5 view .LVU21
 114 0010 054B     		ldr	r3, .L12
 115 0012 1A6C     		ldr	r2, [r3, #64]
 116 0014 42F00102 		orr	r2, r2, #1
 117 0018 1A64     		str	r2, [r3, #64]
 118              		.loc 1 95 5 view .LVU22
 119 001a 1B6C     		ldr	r3, [r3, #64]
 120 001c 03F00103 		and	r3, r3, #1
 121 0020 0193     		str	r3, [sp, #4]
 122              		.loc 1 95 5 view .LVU23
 123 0022 019B     		ldr	r3, [sp, #4]
 124              	.LBE4:
 125              		.loc 1 95 5 view .LVU24
  96:Core/Src/stm32f4xx_hal_msp.c ****     /* USER CODE BEGIN TIM2_MspInit 1 */
  97:Core/Src/stm32f4xx_hal_msp.c **** 
  98:Core/Src/stm32f4xx_hal_msp.c ****     /* USER CODE END TIM2_MspInit 1 */
  99:Core/Src/stm32f4xx_hal_msp.c **** 
 100:Core/Src/stm32f4xx_hal_msp.c ****   }
 101:Core/Src/stm32f4xx_hal_msp.c **** 
 102:Core/Src/stm32f4xx_hal_msp.c **** }
 126              		.loc 1 102 1 is_stmt 0 view .LVU25
 127 0024 02B0     		add	sp, sp, #8
 128              		.cfi_def_cfa_offset 0
ARM GAS  C:\Users\bulli\AppData\Local\Temp\ccGgqR7G.s 			page 5


 129              		@ sp needed
 130 0026 7047     		bx	lr
 131              	.L13:
 132              		.align	2
 133              	.L12:
 134 0028 00380240 		.word	1073887232
 135              		.cfi_endproc
 136              	.LFE135:
 138              		.section	.text.HAL_TIM_MspPostInit,"ax",%progbits
 139              		.align	1
 140              		.global	HAL_TIM_MspPostInit
 141              		.syntax unified
 142              		.thumb
 143              		.thumb_func
 145              	HAL_TIM_MspPostInit:
 146              	.LVL1:
 147              	.LFB136:
 103:Core/Src/stm32f4xx_hal_msp.c **** 
 104:Core/Src/stm32f4xx_hal_msp.c **** void HAL_TIM_MspPostInit(TIM_HandleTypeDef* htim)
 105:Core/Src/stm32f4xx_hal_msp.c **** {
 148              		.loc 1 105 1 is_stmt 1 view -0
 149              		.cfi_startproc
 150              		@ args = 0, pretend = 0, frame = 24
 151              		@ frame_needed = 0, uses_anonymous_args = 0
 152              		.loc 1 105 1 is_stmt 0 view .LVU27
 153 0000 00B5     		push	{lr}
 154              		.cfi_def_cfa_offset 4
 155              		.cfi_offset 14, -4
 156 0002 87B0     		sub	sp, sp, #28
 157              		.cfi_def_cfa_offset 32
 106:Core/Src/stm32f4xx_hal_msp.c ****   GPIO_InitTypeDef GPIO_InitStruct = {0};
 158              		.loc 1 106 3 is_stmt 1 view .LVU28
 159              		.loc 1 106 20 is_stmt 0 view .LVU29
 160 0004 0023     		movs	r3, #0
 161 0006 0193     		str	r3, [sp, #4]
 162 0008 0293     		str	r3, [sp, #8]
 163 000a 0393     		str	r3, [sp, #12]
 164 000c 0493     		str	r3, [sp, #16]
 165 000e 0593     		str	r3, [sp, #20]
 107:Core/Src/stm32f4xx_hal_msp.c ****   if(htim->Instance==TIM2)
 166              		.loc 1 107 3 is_stmt 1 view .LVU30
 167              		.loc 1 107 10 is_stmt 0 view .LVU31
 168 0010 0368     		ldr	r3, [r0]
 169              		.loc 1 107 5 view .LVU32
 170 0012 B3F1804F 		cmp	r3, #1073741824
 171 0016 01D0     		beq	.L17
 172              	.LVL2:
 173              	.L14:
 108:Core/Src/stm32f4xx_hal_msp.c ****   {
 109:Core/Src/stm32f4xx_hal_msp.c ****     /* USER CODE BEGIN TIM2_MspPostInit 0 */
 110:Core/Src/stm32f4xx_hal_msp.c **** 
 111:Core/Src/stm32f4xx_hal_msp.c ****     /* USER CODE END TIM2_MspPostInit 0 */
 112:Core/Src/stm32f4xx_hal_msp.c **** 
 113:Core/Src/stm32f4xx_hal_msp.c ****     __HAL_RCC_GPIOA_CLK_ENABLE();
 114:Core/Src/stm32f4xx_hal_msp.c ****     /**TIM2 GPIO Configuration
 115:Core/Src/stm32f4xx_hal_msp.c ****     PA0-WKUP     ------> TIM2_CH1
 116:Core/Src/stm32f4xx_hal_msp.c ****     PA1     ------> TIM2_CH2
ARM GAS  C:\Users\bulli\AppData\Local\Temp\ccGgqR7G.s 			page 6


 117:Core/Src/stm32f4xx_hal_msp.c ****     */
 118:Core/Src/stm32f4xx_hal_msp.c ****     GPIO_InitStruct.Pin = GPIO_PIN_0|GPIO_PIN_1;
 119:Core/Src/stm32f4xx_hal_msp.c ****     GPIO_InitStruct.Mode = GPIO_MODE_AF_PP;
 120:Core/Src/stm32f4xx_hal_msp.c ****     GPIO_InitStruct.Pull = GPIO_NOPULL;
 121:Core/Src/stm32f4xx_hal_msp.c ****     GPIO_InitStruct.Speed = GPIO_SPEED_FREQ_LOW;
 122:Core/Src/stm32f4xx_hal_msp.c ****     GPIO_InitStruct.Alternate = GPIO_AF1_TIM2;
 123:Core/Src/stm32f4xx_hal_msp.c ****     HAL_GPIO_Init(GPIOA, &GPIO_InitStruct);
 124:Core/Src/stm32f4xx_hal_msp.c **** 
 125:Core/Src/stm32f4xx_hal_msp.c ****     /* USER CODE BEGIN TIM2_MspPostInit 1 */
 126:Core/Src/stm32f4xx_hal_msp.c **** 
 127:Core/Src/stm32f4xx_hal_msp.c ****     /* USER CODE END TIM2_MspPostInit 1 */
 128:Core/Src/stm32f4xx_hal_msp.c ****   }
 129:Core/Src/stm32f4xx_hal_msp.c **** 
 130:Core/Src/stm32f4xx_hal_msp.c **** }
 174              		.loc 1 130 1 view .LVU33
 175 0018 07B0     		add	sp, sp, #28
 176              		.cfi_remember_state
 177              		.cfi_def_cfa_offset 4
 178              		@ sp needed
 179 001a 00BD     		pop	{pc}
 180              	.LVL3:
 181              	.L17:
 182              		.cfi_restore_state
 113:Core/Src/stm32f4xx_hal_msp.c ****     /**TIM2 GPIO Configuration
 183              		.loc 1 113 5 is_stmt 1 view .LVU34
 184              	.LBB5:
 113:Core/Src/stm32f4xx_hal_msp.c ****     /**TIM2 GPIO Configuration
 185              		.loc 1 113 5 view .LVU35
 186 001c 0023     		movs	r3, #0
 187 001e 0093     		str	r3, [sp]
 113:Core/Src/stm32f4xx_hal_msp.c ****     /**TIM2 GPIO Configuration
 188              		.loc 1 113 5 view .LVU36
 189 0020 0A4B     		ldr	r3, .L18
 190 0022 1A6B     		ldr	r2, [r3, #48]
 191 0024 42F00102 		orr	r2, r2, #1
 192 0028 1A63     		str	r2, [r3, #48]
 113:Core/Src/stm32f4xx_hal_msp.c ****     /**TIM2 GPIO Configuration
 193              		.loc 1 113 5 view .LVU37
 194 002a 1B6B     		ldr	r3, [r3, #48]
 195 002c 03F00103 		and	r3, r3, #1
 196 0030 0093     		str	r3, [sp]
 113:Core/Src/stm32f4xx_hal_msp.c ****     /**TIM2 GPIO Configuration
 197              		.loc 1 113 5 view .LVU38
 198 0032 009B     		ldr	r3, [sp]
 199              	.LBE5:
 113:Core/Src/stm32f4xx_hal_msp.c ****     /**TIM2 GPIO Configuration
 200              		.loc 1 113 5 view .LVU39
 118:Core/Src/stm32f4xx_hal_msp.c ****     GPIO_InitStruct.Mode = GPIO_MODE_AF_PP;
 201              		.loc 1 118 5 view .LVU40
 118:Core/Src/stm32f4xx_hal_msp.c ****     GPIO_InitStruct.Mode = GPIO_MODE_AF_PP;
 202              		.loc 1 118 25 is_stmt 0 view .LVU41
 203 0034 0323     		movs	r3, #3
 204 0036 0193     		str	r3, [sp, #4]
 119:Core/Src/stm32f4xx_hal_msp.c ****     GPIO_InitStruct.Pull = GPIO_NOPULL;
 205              		.loc 1 119 5 is_stmt 1 view .LVU42
 119:Core/Src/stm32f4xx_hal_msp.c ****     GPIO_InitStruct.Pull = GPIO_NOPULL;
 206              		.loc 1 119 26 is_stmt 0 view .LVU43
ARM GAS  C:\Users\bulli\AppData\Local\Temp\ccGgqR7G.s 			page 7


 207 0038 0223     		movs	r3, #2
 208 003a 0293     		str	r3, [sp, #8]
 120:Core/Src/stm32f4xx_hal_msp.c ****     GPIO_InitStruct.Speed = GPIO_SPEED_FREQ_LOW;
 209              		.loc 1 120 5 is_stmt 1 view .LVU44
 121:Core/Src/stm32f4xx_hal_msp.c ****     GPIO_InitStruct.Alternate = GPIO_AF1_TIM2;
 210              		.loc 1 121 5 view .LVU45
 122:Core/Src/stm32f4xx_hal_msp.c ****     HAL_GPIO_Init(GPIOA, &GPIO_InitStruct);
 211              		.loc 1 122 5 view .LVU46
 122:Core/Src/stm32f4xx_hal_msp.c ****     HAL_GPIO_Init(GPIOA, &GPIO_InitStruct);
 212              		.loc 1 122 31 is_stmt 0 view .LVU47
 213 003c 0123     		movs	r3, #1
 214 003e 0593     		str	r3, [sp, #20]
 123:Core/Src/stm32f4xx_hal_msp.c **** 
 215              		.loc 1 123 5 is_stmt 1 view .LVU48
 216 0040 01A9     		add	r1, sp, #4
 217 0042 0348     		ldr	r0, .L18+4
 218              	.LVL4:
 123:Core/Src/stm32f4xx_hal_msp.c **** 
 219              		.loc 1 123 5 is_stmt 0 view .LVU49
 220 0044 FFF7FEFF 		bl	HAL_GPIO_Init
 221              	.LVL5:
 222              		.loc 1 130 1 view .LVU50
 223 0048 E6E7     		b	.L14
 224              	.L19:
 225 004a 00BF     		.align	2
 226              	.L18:
 227 004c 00380240 		.word	1073887232
 228 0050 00000240 		.word	1073872896
 229              		.cfi_endproc
 230              	.LFE136:
 232              		.section	.text.HAL_TIM_Base_MspDeInit,"ax",%progbits
 233              		.align	1
 234              		.global	HAL_TIM_Base_MspDeInit
 235              		.syntax unified
 236              		.thumb
 237              		.thumb_func
 239              	HAL_TIM_Base_MspDeInit:
 240              	.LVL6:
 241              	.LFB137:
 131:Core/Src/stm32f4xx_hal_msp.c **** /**
 132:Core/Src/stm32f4xx_hal_msp.c ****   * @brief TIM_Base MSP De-Initialization
 133:Core/Src/stm32f4xx_hal_msp.c ****   * This function freeze the hardware resources used in this example
 134:Core/Src/stm32f4xx_hal_msp.c ****   * @param htim_base: TIM_Base handle pointer
 135:Core/Src/stm32f4xx_hal_msp.c ****   * @retval None
 136:Core/Src/stm32f4xx_hal_msp.c ****   */
 137:Core/Src/stm32f4xx_hal_msp.c **** void HAL_TIM_Base_MspDeInit(TIM_HandleTypeDef* htim_base)
 138:Core/Src/stm32f4xx_hal_msp.c **** {
 242              		.loc 1 138 1 is_stmt 1 view -0
 243              		.cfi_startproc
 244              		@ args = 0, pretend = 0, frame = 0
 245              		@ frame_needed = 0, uses_anonymous_args = 0
 246              		@ link register save eliminated.
 139:Core/Src/stm32f4xx_hal_msp.c ****   if(htim_base->Instance==TIM2)
 247              		.loc 1 139 3 view .LVU52
 248              		.loc 1 139 15 is_stmt 0 view .LVU53
 249 0000 0368     		ldr	r3, [r0]
 250              		.loc 1 139 5 view .LVU54
ARM GAS  C:\Users\bulli\AppData\Local\Temp\ccGgqR7G.s 			page 8


 251 0002 B3F1804F 		cmp	r3, #1073741824
 252 0006 00D0     		beq	.L22
 253              	.L20:
 140:Core/Src/stm32f4xx_hal_msp.c ****   {
 141:Core/Src/stm32f4xx_hal_msp.c ****     /* USER CODE BEGIN TIM2_MspDeInit 0 */
 142:Core/Src/stm32f4xx_hal_msp.c **** 
 143:Core/Src/stm32f4xx_hal_msp.c ****     /* USER CODE END TIM2_MspDeInit 0 */
 144:Core/Src/stm32f4xx_hal_msp.c ****     /* Peripheral clock disable */
 145:Core/Src/stm32f4xx_hal_msp.c ****     __HAL_RCC_TIM2_CLK_DISABLE();
 146:Core/Src/stm32f4xx_hal_msp.c ****     /* USER CODE BEGIN TIM2_MspDeInit 1 */
 147:Core/Src/stm32f4xx_hal_msp.c **** 
 148:Core/Src/stm32f4xx_hal_msp.c ****     /* USER CODE END TIM2_MspDeInit 1 */
 149:Core/Src/stm32f4xx_hal_msp.c ****   }
 150:Core/Src/stm32f4xx_hal_msp.c **** 
 151:Core/Src/stm32f4xx_hal_msp.c **** }
 254              		.loc 1 151 1 view .LVU55
 255 0008 7047     		bx	lr
 256              	.L22:
 145:Core/Src/stm32f4xx_hal_msp.c ****     /* USER CODE BEGIN TIM2_MspDeInit 1 */
 257              		.loc 1 145 5 is_stmt 1 view .LVU56
 258 000a 034A     		ldr	r2, .L23
 259 000c 136C     		ldr	r3, [r2, #64]
 260 000e 23F00103 		bic	r3, r3, #1
 261 0012 1364     		str	r3, [r2, #64]
 262              		.loc 1 151 1 is_stmt 0 view .LVU57
 263 0014 F8E7     		b	.L20
 264              	.L24:
 265 0016 00BF     		.align	2
 266              	.L23:
 267 0018 00380240 		.word	1073887232
 268              		.cfi_endproc
 269              	.LFE137:
 271              		.section	.text.HAL_UART_MspInit,"ax",%progbits
 272              		.align	1
 273              		.global	HAL_UART_MspInit
 274              		.syntax unified
 275              		.thumb
 276              		.thumb_func
 278              	HAL_UART_MspInit:
 279              	.LVL7:
 280              	.LFB138:
 152:Core/Src/stm32f4xx_hal_msp.c **** 
 153:Core/Src/stm32f4xx_hal_msp.c **** /**
 154:Core/Src/stm32f4xx_hal_msp.c ****   * @brief UART MSP Initialization
 155:Core/Src/stm32f4xx_hal_msp.c ****   * This function configures the hardware resources used in this example
 156:Core/Src/stm32f4xx_hal_msp.c ****   * @param huart: UART handle pointer
 157:Core/Src/stm32f4xx_hal_msp.c ****   * @retval None
 158:Core/Src/stm32f4xx_hal_msp.c ****   */
 159:Core/Src/stm32f4xx_hal_msp.c **** void HAL_UART_MspInit(UART_HandleTypeDef* huart)
 160:Core/Src/stm32f4xx_hal_msp.c **** {
 281              		.loc 1 160 1 is_stmt 1 view -0
 282              		.cfi_startproc
 283              		@ args = 0, pretend = 0, frame = 32
 284              		@ frame_needed = 0, uses_anonymous_args = 0
 285              		.loc 1 160 1 is_stmt 0 view .LVU59
 286 0000 00B5     		push	{lr}
 287              		.cfi_def_cfa_offset 4
ARM GAS  C:\Users\bulli\AppData\Local\Temp\ccGgqR7G.s 			page 9


 288              		.cfi_offset 14, -4
 289 0002 89B0     		sub	sp, sp, #36
 290              		.cfi_def_cfa_offset 40
 161:Core/Src/stm32f4xx_hal_msp.c ****   GPIO_InitTypeDef GPIO_InitStruct = {0};
 291              		.loc 1 161 3 is_stmt 1 view .LVU60
 292              		.loc 1 161 20 is_stmt 0 view .LVU61
 293 0004 0023     		movs	r3, #0
 294 0006 0393     		str	r3, [sp, #12]
 295 0008 0493     		str	r3, [sp, #16]
 296 000a 0593     		str	r3, [sp, #20]
 297 000c 0693     		str	r3, [sp, #24]
 298 000e 0793     		str	r3, [sp, #28]
 162:Core/Src/stm32f4xx_hal_msp.c ****   if(huart->Instance==USART2)
 299              		.loc 1 162 3 is_stmt 1 view .LVU62
 300              		.loc 1 162 11 is_stmt 0 view .LVU63
 301 0010 0268     		ldr	r2, [r0]
 302              		.loc 1 162 5 view .LVU64
 303 0012 174B     		ldr	r3, .L29
 304 0014 9A42     		cmp	r2, r3
 305 0016 01D0     		beq	.L28
 306              	.LVL8:
 307              	.L25:
 163:Core/Src/stm32f4xx_hal_msp.c ****   {
 164:Core/Src/stm32f4xx_hal_msp.c ****     /* USER CODE BEGIN USART2_MspInit 0 */
 165:Core/Src/stm32f4xx_hal_msp.c **** 
 166:Core/Src/stm32f4xx_hal_msp.c ****     /* USER CODE END USART2_MspInit 0 */
 167:Core/Src/stm32f4xx_hal_msp.c ****     /* Peripheral clock enable */
 168:Core/Src/stm32f4xx_hal_msp.c ****     __HAL_RCC_USART2_CLK_ENABLE();
 169:Core/Src/stm32f4xx_hal_msp.c **** 
 170:Core/Src/stm32f4xx_hal_msp.c ****     __HAL_RCC_GPIOA_CLK_ENABLE();
 171:Core/Src/stm32f4xx_hal_msp.c ****     /**USART2 GPIO Configuration
 172:Core/Src/stm32f4xx_hal_msp.c ****     PA2     ------> USART2_TX
 173:Core/Src/stm32f4xx_hal_msp.c ****     PA3     ------> USART2_RX
 174:Core/Src/stm32f4xx_hal_msp.c ****     */
 175:Core/Src/stm32f4xx_hal_msp.c ****     GPIO_InitStruct.Pin = USART_TX_Pin|USART_RX_Pin;
 176:Core/Src/stm32f4xx_hal_msp.c ****     GPIO_InitStruct.Mode = GPIO_MODE_AF_PP;
 177:Core/Src/stm32f4xx_hal_msp.c ****     GPIO_InitStruct.Pull = GPIO_NOPULL;
 178:Core/Src/stm32f4xx_hal_msp.c ****     GPIO_InitStruct.Speed = GPIO_SPEED_FREQ_LOW;
 179:Core/Src/stm32f4xx_hal_msp.c ****     GPIO_InitStruct.Alternate = GPIO_AF7_USART2;
 180:Core/Src/stm32f4xx_hal_msp.c ****     HAL_GPIO_Init(GPIOA, &GPIO_InitStruct);
 181:Core/Src/stm32f4xx_hal_msp.c **** 
 182:Core/Src/stm32f4xx_hal_msp.c ****     /* USART2 interrupt Init */
 183:Core/Src/stm32f4xx_hal_msp.c ****     HAL_NVIC_SetPriority(USART2_IRQn, 0, 0);
 184:Core/Src/stm32f4xx_hal_msp.c ****     HAL_NVIC_EnableIRQ(USART2_IRQn);
 185:Core/Src/stm32f4xx_hal_msp.c ****     /* USER CODE BEGIN USART2_MspInit 1 */
 186:Core/Src/stm32f4xx_hal_msp.c **** 
 187:Core/Src/stm32f4xx_hal_msp.c ****     /* USER CODE END USART2_MspInit 1 */
 188:Core/Src/stm32f4xx_hal_msp.c **** 
 189:Core/Src/stm32f4xx_hal_msp.c ****   }
 190:Core/Src/stm32f4xx_hal_msp.c **** 
 191:Core/Src/stm32f4xx_hal_msp.c **** }
 308              		.loc 1 191 1 view .LVU65
 309 0018 09B0     		add	sp, sp, #36
 310              		.cfi_remember_state
 311              		.cfi_def_cfa_offset 4
 312              		@ sp needed
 313 001a 00BD     		pop	{pc}
ARM GAS  C:\Users\bulli\AppData\Local\Temp\ccGgqR7G.s 			page 10


 314              	.LVL9:
 315              	.L28:
 316              		.cfi_restore_state
 168:Core/Src/stm32f4xx_hal_msp.c **** 
 317              		.loc 1 168 5 is_stmt 1 view .LVU66
 318              	.LBB6:
 168:Core/Src/stm32f4xx_hal_msp.c **** 
 319              		.loc 1 168 5 view .LVU67
 320 001c 0021     		movs	r1, #0
 321 001e 0191     		str	r1, [sp, #4]
 168:Core/Src/stm32f4xx_hal_msp.c **** 
 322              		.loc 1 168 5 view .LVU68
 323 0020 03F5FA33 		add	r3, r3, #128000
 324 0024 1A6C     		ldr	r2, [r3, #64]
 325 0026 42F40032 		orr	r2, r2, #131072
 326 002a 1A64     		str	r2, [r3, #64]
 168:Core/Src/stm32f4xx_hal_msp.c **** 
 327              		.loc 1 168 5 view .LVU69
 328 002c 1A6C     		ldr	r2, [r3, #64]
 329 002e 02F40032 		and	r2, r2, #131072
 330 0032 0192     		str	r2, [sp, #4]
 168:Core/Src/stm32f4xx_hal_msp.c **** 
 331              		.loc 1 168 5 view .LVU70
 332 0034 019A     		ldr	r2, [sp, #4]
 333              	.LBE6:
 168:Core/Src/stm32f4xx_hal_msp.c **** 
 334              		.loc 1 168 5 view .LVU71
 170:Core/Src/stm32f4xx_hal_msp.c ****     /**USART2 GPIO Configuration
 335              		.loc 1 170 5 view .LVU72
 336              	.LBB7:
 170:Core/Src/stm32f4xx_hal_msp.c ****     /**USART2 GPIO Configuration
 337              		.loc 1 170 5 view .LVU73
 338 0036 0291     		str	r1, [sp, #8]
 170:Core/Src/stm32f4xx_hal_msp.c ****     /**USART2 GPIO Configuration
 339              		.loc 1 170 5 view .LVU74
 340 0038 1A6B     		ldr	r2, [r3, #48]
 341 003a 42F00102 		orr	r2, r2, #1
 342 003e 1A63     		str	r2, [r3, #48]
 170:Core/Src/stm32f4xx_hal_msp.c ****     /**USART2 GPIO Configuration
 343              		.loc 1 170 5 view .LVU75
 344 0040 1B6B     		ldr	r3, [r3, #48]
 345 0042 03F00103 		and	r3, r3, #1
 346 0046 0293     		str	r3, [sp, #8]
 170:Core/Src/stm32f4xx_hal_msp.c ****     /**USART2 GPIO Configuration
 347              		.loc 1 170 5 view .LVU76
 348 0048 029B     		ldr	r3, [sp, #8]
 349              	.LBE7:
 170:Core/Src/stm32f4xx_hal_msp.c ****     /**USART2 GPIO Configuration
 350              		.loc 1 170 5 view .LVU77
 175:Core/Src/stm32f4xx_hal_msp.c ****     GPIO_InitStruct.Mode = GPIO_MODE_AF_PP;
 351              		.loc 1 175 5 view .LVU78
 175:Core/Src/stm32f4xx_hal_msp.c ****     GPIO_InitStruct.Mode = GPIO_MODE_AF_PP;
 352              		.loc 1 175 25 is_stmt 0 view .LVU79
 353 004a 0C23     		movs	r3, #12
 354 004c 0393     		str	r3, [sp, #12]
 176:Core/Src/stm32f4xx_hal_msp.c ****     GPIO_InitStruct.Pull = GPIO_NOPULL;
 355              		.loc 1 176 5 is_stmt 1 view .LVU80
ARM GAS  C:\Users\bulli\AppData\Local\Temp\ccGgqR7G.s 			page 11


 176:Core/Src/stm32f4xx_hal_msp.c ****     GPIO_InitStruct.Pull = GPIO_NOPULL;
 356              		.loc 1 176 26 is_stmt 0 view .LVU81
 357 004e 0223     		movs	r3, #2
 358 0050 0493     		str	r3, [sp, #16]
 177:Core/Src/stm32f4xx_hal_msp.c ****     GPIO_InitStruct.Speed = GPIO_SPEED_FREQ_LOW;
 359              		.loc 1 177 5 is_stmt 1 view .LVU82
 178:Core/Src/stm32f4xx_hal_msp.c ****     GPIO_InitStruct.Alternate = GPIO_AF7_USART2;
 360              		.loc 1 178 5 view .LVU83
 179:Core/Src/stm32f4xx_hal_msp.c ****     HAL_GPIO_Init(GPIOA, &GPIO_InitStruct);
 361              		.loc 1 179 5 view .LVU84
 179:Core/Src/stm32f4xx_hal_msp.c ****     HAL_GPIO_Init(GPIOA, &GPIO_InitStruct);
 362              		.loc 1 179 31 is_stmt 0 view .LVU85
 363 0052 0723     		movs	r3, #7
 364 0054 0793     		str	r3, [sp, #28]
 180:Core/Src/stm32f4xx_hal_msp.c **** 
 365              		.loc 1 180 5 is_stmt 1 view .LVU86
 366 0056 03A9     		add	r1, sp, #12
 367 0058 0648     		ldr	r0, .L29+4
 368              	.LVL10:
 180:Core/Src/stm32f4xx_hal_msp.c **** 
 369              		.loc 1 180 5 is_stmt 0 view .LVU87
 370 005a FFF7FEFF 		bl	HAL_GPIO_Init
 371              	.LVL11:
 183:Core/Src/stm32f4xx_hal_msp.c ****     HAL_NVIC_EnableIRQ(USART2_IRQn);
 372              		.loc 1 183 5 is_stmt 1 view .LVU88
 373 005e 0022     		movs	r2, #0
 374 0060 1146     		mov	r1, r2
 375 0062 2620     		movs	r0, #38
 376 0064 FFF7FEFF 		bl	HAL_NVIC_SetPriority
 377              	.LVL12:
 184:Core/Src/stm32f4xx_hal_msp.c ****     /* USER CODE BEGIN USART2_MspInit 1 */
 378              		.loc 1 184 5 view .LVU89
 379 0068 2620     		movs	r0, #38
 380 006a FFF7FEFF 		bl	HAL_NVIC_EnableIRQ
 381              	.LVL13:
 382              		.loc 1 191 1 is_stmt 0 view .LVU90
 383 006e D3E7     		b	.L25
 384              	.L30:
 385              		.align	2
 386              	.L29:
 387 0070 00440040 		.word	1073759232
 388 0074 00000240 		.word	1073872896
 389              		.cfi_endproc
 390              	.LFE138:
 392              		.section	.text.HAL_UART_MspDeInit,"ax",%progbits
 393              		.align	1
 394              		.global	HAL_UART_MspDeInit
 395              		.syntax unified
 396              		.thumb
 397              		.thumb_func
 399              	HAL_UART_MspDeInit:
 400              	.LVL14:
 401              	.LFB139:
 192:Core/Src/stm32f4xx_hal_msp.c **** 
 193:Core/Src/stm32f4xx_hal_msp.c **** /**
 194:Core/Src/stm32f4xx_hal_msp.c ****   * @brief UART MSP De-Initialization
 195:Core/Src/stm32f4xx_hal_msp.c ****   * This function freeze the hardware resources used in this example
ARM GAS  C:\Users\bulli\AppData\Local\Temp\ccGgqR7G.s 			page 12


 196:Core/Src/stm32f4xx_hal_msp.c ****   * @param huart: UART handle pointer
 197:Core/Src/stm32f4xx_hal_msp.c ****   * @retval None
 198:Core/Src/stm32f4xx_hal_msp.c ****   */
 199:Core/Src/stm32f4xx_hal_msp.c **** void HAL_UART_MspDeInit(UART_HandleTypeDef* huart)
 200:Core/Src/stm32f4xx_hal_msp.c **** {
 402              		.loc 1 200 1 is_stmt 1 view -0
 403              		.cfi_startproc
 404              		@ args = 0, pretend = 0, frame = 0
 405              		@ frame_needed = 0, uses_anonymous_args = 0
 406              		.loc 1 200 1 is_stmt 0 view .LVU92
 407 0000 08B5     		push	{r3, lr}
 408              		.cfi_def_cfa_offset 8
 409              		.cfi_offset 3, -8
 410              		.cfi_offset 14, -4
 201:Core/Src/stm32f4xx_hal_msp.c ****   if(huart->Instance==USART2)
 411              		.loc 1 201 3 is_stmt 1 view .LVU93
 412              		.loc 1 201 11 is_stmt 0 view .LVU94
 413 0002 0268     		ldr	r2, [r0]
 414              		.loc 1 201 5 view .LVU95
 415 0004 084B     		ldr	r3, .L35
 416 0006 9A42     		cmp	r2, r3
 417 0008 00D0     		beq	.L34
 418              	.LVL15:
 419              	.L31:
 202:Core/Src/stm32f4xx_hal_msp.c ****   {
 203:Core/Src/stm32f4xx_hal_msp.c ****     /* USER CODE BEGIN USART2_MspDeInit 0 */
 204:Core/Src/stm32f4xx_hal_msp.c **** 
 205:Core/Src/stm32f4xx_hal_msp.c ****     /* USER CODE END USART2_MspDeInit 0 */
 206:Core/Src/stm32f4xx_hal_msp.c ****     /* Peripheral clock disable */
 207:Core/Src/stm32f4xx_hal_msp.c ****     __HAL_RCC_USART2_CLK_DISABLE();
 208:Core/Src/stm32f4xx_hal_msp.c **** 
 209:Core/Src/stm32f4xx_hal_msp.c ****     /**USART2 GPIO Configuration
 210:Core/Src/stm32f4xx_hal_msp.c ****     PA2     ------> USART2_TX
 211:Core/Src/stm32f4xx_hal_msp.c ****     PA3     ------> USART2_RX
 212:Core/Src/stm32f4xx_hal_msp.c ****     */
 213:Core/Src/stm32f4xx_hal_msp.c ****     HAL_GPIO_DeInit(GPIOA, USART_TX_Pin|USART_RX_Pin);
 214:Core/Src/stm32f4xx_hal_msp.c **** 
 215:Core/Src/stm32f4xx_hal_msp.c ****     /* USART2 interrupt DeInit */
 216:Core/Src/stm32f4xx_hal_msp.c ****     HAL_NVIC_DisableIRQ(USART2_IRQn);
 217:Core/Src/stm32f4xx_hal_msp.c ****     /* USER CODE BEGIN USART2_MspDeInit 1 */
 218:Core/Src/stm32f4xx_hal_msp.c **** 
 219:Core/Src/stm32f4xx_hal_msp.c ****     /* USER CODE END USART2_MspDeInit 1 */
 220:Core/Src/stm32f4xx_hal_msp.c ****   }
 221:Core/Src/stm32f4xx_hal_msp.c **** 
 222:Core/Src/stm32f4xx_hal_msp.c **** }
 420              		.loc 1 222 1 view .LVU96
 421 000a 08BD     		pop	{r3, pc}
 422              	.LVL16:
 423              	.L34:
 207:Core/Src/stm32f4xx_hal_msp.c **** 
 424              		.loc 1 207 5 is_stmt 1 view .LVU97
 425 000c 074A     		ldr	r2, .L35+4
 426 000e 136C     		ldr	r3, [r2, #64]
 427 0010 23F40033 		bic	r3, r3, #131072
 428 0014 1364     		str	r3, [r2, #64]
 213:Core/Src/stm32f4xx_hal_msp.c **** 
 429              		.loc 1 213 5 view .LVU98
ARM GAS  C:\Users\bulli\AppData\Local\Temp\ccGgqR7G.s 			page 13


 430 0016 0C21     		movs	r1, #12
 431 0018 0548     		ldr	r0, .L35+8
 432              	.LVL17:
 213:Core/Src/stm32f4xx_hal_msp.c **** 
 433              		.loc 1 213 5 is_stmt 0 view .LVU99
 434 001a FFF7FEFF 		bl	HAL_GPIO_DeInit
 435              	.LVL18:
 216:Core/Src/stm32f4xx_hal_msp.c ****     /* USER CODE BEGIN USART2_MspDeInit 1 */
 436              		.loc 1 216 5 is_stmt 1 view .LVU100
 437 001e 2620     		movs	r0, #38
 438 0020 FFF7FEFF 		bl	HAL_NVIC_DisableIRQ
 439              	.LVL19:
 440              		.loc 1 222 1 is_stmt 0 view .LVU101
 441 0024 F1E7     		b	.L31
 442              	.L36:
 443 0026 00BF     		.align	2
 444              	.L35:
 445 0028 00440040 		.word	1073759232
 446 002c 00380240 		.word	1073887232
 447 0030 00000240 		.word	1073872896
 448              		.cfi_endproc
 449              	.LFE139:
 451              		.text
 452              	.Letext0:
 453              		.file 2 "Drivers/CMSIS/Device/ST/STM32F4xx/Include/stm32f401xe.h"
 454              		.file 3 "C:/Users/bulli/AppData/Roaming/Code/User/globalStorage/bmd.stm32-for-vscode/@xpack-dev-to
 455              		.file 4 "C:/Users/bulli/AppData/Roaming/Code/User/globalStorage/bmd.stm32-for-vscode/@xpack-dev-to
 456              		.file 5 "Drivers/STM32F4xx_HAL_Driver/Inc/stm32f4xx_hal_def.h"
 457              		.file 6 "Drivers/STM32F4xx_HAL_Driver/Inc/stm32f4xx_hal_gpio.h"
 458              		.file 7 "Drivers/STM32F4xx_HAL_Driver/Inc/stm32f4xx_hal_dma.h"
 459              		.file 8 "Drivers/STM32F4xx_HAL_Driver/Inc/stm32f4xx_hal_tim.h"
 460              		.file 9 "Drivers/STM32F4xx_HAL_Driver/Inc/stm32f4xx_hal_uart.h"
 461              		.file 10 "Drivers/STM32F4xx_HAL_Driver/Inc/stm32f4xx_hal_cortex.h"
ARM GAS  C:\Users\bulli\AppData\Local\Temp\ccGgqR7G.s 			page 14


DEFINED SYMBOLS
                            *ABS*:00000000 stm32f4xx_hal_msp.c
C:\Users\bulli\AppData\Local\Temp\ccGgqR7G.s:21     .text.HAL_MspInit:00000000 $t
C:\Users\bulli\AppData\Local\Temp\ccGgqR7G.s:27     .text.HAL_MspInit:00000000 HAL_MspInit
C:\Users\bulli\AppData\Local\Temp\ccGgqR7G.s:78     .text.HAL_MspInit:00000034 $d
C:\Users\bulli\AppData\Local\Temp\ccGgqR7G.s:83     .text.HAL_TIM_Base_MspInit:00000000 $t
C:\Users\bulli\AppData\Local\Temp\ccGgqR7G.s:89     .text.HAL_TIM_Base_MspInit:00000000 HAL_TIM_Base_MspInit
C:\Users\bulli\AppData\Local\Temp\ccGgqR7G.s:134    .text.HAL_TIM_Base_MspInit:00000028 $d
C:\Users\bulli\AppData\Local\Temp\ccGgqR7G.s:139    .text.HAL_TIM_MspPostInit:00000000 $t
C:\Users\bulli\AppData\Local\Temp\ccGgqR7G.s:145    .text.HAL_TIM_MspPostInit:00000000 HAL_TIM_MspPostInit
C:\Users\bulli\AppData\Local\Temp\ccGgqR7G.s:227    .text.HAL_TIM_MspPostInit:0000004c $d
C:\Users\bulli\AppData\Local\Temp\ccGgqR7G.s:233    .text.HAL_TIM_Base_MspDeInit:00000000 $t
C:\Users\bulli\AppData\Local\Temp\ccGgqR7G.s:239    .text.HAL_TIM_Base_MspDeInit:00000000 HAL_TIM_Base_MspDeInit
C:\Users\bulli\AppData\Local\Temp\ccGgqR7G.s:267    .text.HAL_TIM_Base_MspDeInit:00000018 $d
C:\Users\bulli\AppData\Local\Temp\ccGgqR7G.s:272    .text.HAL_UART_MspInit:00000000 $t
C:\Users\bulli\AppData\Local\Temp\ccGgqR7G.s:278    .text.HAL_UART_MspInit:00000000 HAL_UART_MspInit
C:\Users\bulli\AppData\Local\Temp\ccGgqR7G.s:387    .text.HAL_UART_MspInit:00000070 $d
C:\Users\bulli\AppData\Local\Temp\ccGgqR7G.s:393    .text.HAL_UART_MspDeInit:00000000 $t
C:\Users\bulli\AppData\Local\Temp\ccGgqR7G.s:399    .text.HAL_UART_MspDeInit:00000000 HAL_UART_MspDeInit
C:\Users\bulli\AppData\Local\Temp\ccGgqR7G.s:445    .text.HAL_UART_MspDeInit:00000028 $d

UNDEFINED SYMBOLS
HAL_GPIO_Init
HAL_NVIC_SetPriority
HAL_NVIC_EnableIRQ
HAL_GPIO_DeInit
HAL_NVIC_DisableIRQ
